<?xml version="1.0" encoding="UTF-8"?>
<!-- Generated by org.testng.reporters.JUnitXMLReporter -->
<testsuite hostname="DESKTOP-C3UG4MO" ignored="0" name="Test.1" tests="1" failures="1" timestamp="27 Aug 2018 00:39:14 GMT" time="5.872" errors="0">
  <testcase name="verifyApplicationTitle" time="5.833" classname="testng.VerifyTitle">
    <failure type="java.lang.AssertionError" message="expected [American Well: Telemedicine Technology Solutions] but found [ConnectiveRx]">
      <![CDATA[java.lang.AssertionError: expected [American Well: Telemedicine Technology Solutions] but found [ConnectiveRx]at testng.VerifyTitle.verifyApplicationTitle(VerifyTitle.java:29)... Removed 31 stack frames]]>
    </failure>
  </testcase> <!-- verifyApplicationTitle -->
</testsuite> <!-- Test.1 -->
